2026-02-16 05:15:43 [nudge] deacon nudged with "[from deacon] session-started"
2026-02-16 05:15:49 [nudge] deacon nudged with "[from uniswapv2/witness] session-started"
2026-02-16 05:16:03 [nudge] deacon nudged with "[from uniswapv2/refinery] session-started"
2026-02-16 05:38:58 [handoff] deacon handed off (Routine cycle)
2026-02-16 05:51:12 [handoff] deacon handed off (Routine cycle)
2026-02-16 06:16:48 [handoff] deacon handed off (Routine cycle)
2026-02-16 06:42:40 [handoff] deacon handed off (Routine cycle)
2026-02-16 07:10:57 [nudge] deacon nudged with "[from deacon] session-started"
2026-02-16 07:17:50 [handoff] deacon handed off (Routine cycle)
2026-02-16 07:56:26 [handoff] deacon handed off (Extended session 6)
2026-02-16 08:19:51 [handoff] deacon handed off (Session 6 ext2)
2026-02-16 08:43:17 [handoff] deacon handed off (Session 6 ext3)
2026-02-16 09:06:50 [handoff] deacon handed off (Session 6 ext4 - 200 cumulative)
2026-02-16 09:30:26 [handoff] deacon handed off (Session 6 ext5 - 220 cumulative)
2026-02-16 09:53:56 [handoff] deacon handed off (Session 6 ext6 - 240 cumulative)
2026-02-16 10:17:29 [handoff] deacon handed off (Session 6 ext7 - 260 cumulative)
2026-02-16 10:41:00 [handoff] deacon handed off (Session 6 ext8 - 280 cumulative)
2026-02-16 11:04:34 [handoff] deacon handed off (Session 6 ext9 - 300 cumulative)
2026-02-16 11:28:08 [handoff] deacon handed off (Session 6 ext10 - 320 cumulative)
2026-02-16 11:53:11 [nudge] deacon nudged with "[from deacon] session-started"
2026-02-16 12:00:25 [handoff] deacon handed off (Session 6 ext12 - 360 cumulative)
2026-02-16 12:07:58 [handoff] deacon handed off (Session 6 ext13 - 380 cumulative)
2026-02-16 12:15:21 [handoff] deacon handed off (Session 6 ext14 - 400 cumulative)
2026-02-16 12:22:43 [handoff] deacon handed off (Session 6 ext15 - 420 cumulative)
2026-02-16 12:30:08 [handoff] deacon handed off (Session 6 ext16 - 440 cumulative)
2026-02-16 12:37:38 [handoff] deacon handed off (Session 6 ext17 - 460 cumulative)
2026-02-16 12:45:08 [handoff] deacon handed off (Session 6 ext18 - 480 cumulative)
2026-02-16 12:52:29 [nudge] deacon nudged with "[from deacon] session-started"
2026-02-16 12:53:03 [handoff] deacon handed off (Session 6 ext20 - 500+ cumulative)
2026-02-16 13:01:26 [handoff] deacon handed off (Session 6 ext21 - 520+ cumulative)
2026-02-16 13:09:35 [handoff] deacon handed off (Session 6 ext22 - 540+ cumulative)
2026-02-16 13:17:48 [handoff] deacon handed off (Session 6 ext23 - 560+ cumulative)
2026-02-16 13:26:06 [handoff] deacon handed off (Session 6 ext24 - 580+ cumulative)
2026-02-16 13:34:26 [handoff] deacon handed off (Session 6 ext25 - 600 cumulative)
2026-02-16 13:42:51 [handoff] deacon handed off (Session 6 ext26 - 620+ cumulative)
2026-02-16 13:51:18 [handoff] deacon handed off (Session 6 ext27 - 640+ cumulative)
2026-02-16 14:01:28 [nudge] deacon nudged with "[from deacon] session-started"
2026-02-16 14:01:44 [handoff] deacon handed off (Session 6 ext28 - 660+ cumulative)
2026-02-16 14:11:06 [handoff] deacon handed off (Session 6 ext29 - 680+ cumulative)
2026-02-16 14:20:17 [handoff] deacon handed off (Session 6 ext30 - 700+ cumulative)
2026-02-16 14:29:32 [handoff] deacon handed off (Session 6 ext31 - 720+ cumulative)
2026-02-16 14:38:48 [handoff] deacon handed off (Session 6 ext32 - 740+ cumulative)
2026-02-16 14:48:09 [handoff] deacon handed off (Session 6 ext33 - 760+ cumulative)
2026-02-16 14:57:49 [handoff] deacon handed off
2026-02-16 15:07:49 [handoff] deacon handed off (Session 7 ext35 - 800+ cumulative)
2026-02-16 15:19:02 [nudge] deacon nudged with "[from deacon] session-started"
2026-02-16 15:29:09 [handoff] deacon handed off (Session 7 ext37 - 840+ cumulative)
2026-02-16 15:39:41 [handoff] deacon handed off (Session 7 ext38 - 860+ cumulative)
2026-02-16 15:50:22 [nudge] uniswapv2/nitro nudged with "[from uniswapv2/witness] Your bead uni2-corr01 ..."
2026-02-16 15:50:49 [handoff] deacon handed off
2026-02-16 15:51:23 [done] uniswapv2/nitro completed uni2-corr01
2026-02-16 15:51:23 [kill] uniswapv2/polecats/nitro killed (self-clean: done means gone)
2026-02-16 16:02:11 [handoff] deacon handed off (Session 8 ext40 - 900+ cumulative)
2026-02-16 16:13:04 [handoff] deacon handed off (Session 8 ext41 - 920+ cumulative)
2026-02-16 16:24:02 [handoff] deacon handed off (Session 8 ext42 - 940+ cumulative)
2026-02-16 16:35:18 [handoff] deacon handed off
2026-02-16 16:38:02 [nudge] deacon nudged with "[from deacon] session-started"
2026-02-16 17:24:30 [handoff] deacon handed off
